<?xml version="1.0" encoding="UTF-8"?>
<!-- Generated by org.testng.reporters.JUnitXMLReporter -->
<testsuite hostname="LAPTOP-RRO4KGR3" ignored="0" name="Default test" tests="3" failures="0" timestamp="23 Sep 2020 05:17:41 GMT" time="0.048" errors="0">
  <testcase name="test1" time="0.012" classname="basic_jenkins_demo.testcases.Annotations"/>
  <testcase name="test2" time="0.002" classname="basic_jenkins_demo.testcases.Annotations"/>
  <testcase name="test3" time="0.002" classname="basic_jenkins_demo.testcases.Annotations"/>
</testsuite> <!-- Default test -->
