<?xml version="1.0" encoding="UTF-8"?>
<!-- Generated by org.testng.reporters.JUnitXMLReporter -->
<testsuite hostname="LAPTOP-RRO4KGR3" ignored="0" name="Command line test" tests="3" failures="0" timestamp="23 Sep 2020 06:01:04 GMT" time="0.036" errors="0">
  <testcase name="test1Test" time="0.008" classname="basic_jenkins_demo.testcases.AnnotationsTest"/>
  <testcase name="test2Test" time="0.0" classname="basic_jenkins_demo.testcases.AnnotationsTest"/>
  <testcase name="test3Test" time="0.001" classname="basic_jenkins_demo.testcases.AnnotationsTest"/>
</testsuite> <!-- Command line test -->
