<?xml version="1.0" encoding="UTF-8"?>
<testng-results skipped="0" failed="0" ignored="0" total="3" passed="3">
  <reporter-output>
  </reporter-output>
  <suite name="Gmail Suite" duration-ms="34" started-at="2020-09-23T05:18:36Z" finished-at="2020-09-23T05:18:36Z">
    <groups>
    </groups>
    <test name="testing1" duration-ms="34" started-at="2020-09-23T05:18:36Z" finished-at="2020-09-23T05:18:36Z">
      <class name="basic_jenkins_demo.testcases.Annotations">
        <test-method status="PASS" signature="test1()[pri:0, instance:basic_jenkins_demo.testcases.Annotations@457e2f02]" name="test1" duration-ms="7" started-at="2020-09-23T05:18:36Z" finished-at="2020-09-23T05:18:36Z">
          <reporter-output>
          </reporter-output>
        </test-method> <!-- test1 -->
        <test-method status="PASS" signature="test2()[pri:0, instance:basic_jenkins_demo.testcases.Annotations@457e2f02]" name="test2" duration-ms="2" started-at="2020-09-23T05:18:36Z" finished-at="2020-09-23T05:18:36Z">
          <reporter-output>
          </reporter-output>
        </test-method> <!-- test2 -->
        <test-method status="PASS" signature="test3()[pri:0, instance:basic_jenkins_demo.testcases.Annotations@457e2f02]" name="test3" duration-ms="1" started-at="2020-09-23T05:18:36Z" finished-at="2020-09-23T05:18:36Z">
          <reporter-output>
          </reporter-output>
        </test-method> <!-- test3 -->
      </class> <!-- basic_jenkins_demo.testcases.Annotations -->
    </test> <!-- testing1 -->
  </suite> <!-- Gmail Suite -->
</testng-results>
